#
# There is insufficient memory for the Java Runtime Environment to continue.
# Native memory allocation (mmap) failed to map 79691776 bytes for committing reserved memory.
# Possible reasons:
#   The system is out of physical RAM or swap space
#   In 32 bit mode, the process size limit was hit
# Possible solutions:
#   Reduce memory load on the system
#   Increase physical memory or swap space
#   Check if swap backing store is full
#   Use 64 bit Java on a 64 bit OS
#   Decrease Java heap size (-Xmx/-Xms)
#   Decrease number of Java threads
#   Decrease Java thread stack sizes (-Xss)
#   Set larger code cache with -XX:ReservedCodeCacheSize=
# This output file may be truncated or incomplete.
#
#  Out of Memory Error (os_linux.cpp:2627), pid=5927, tid=139828690642688
#
# JRE version: Java(TM) SE Runtime Environment (8.0_65-b17) (build 1.8.0_65-b17)
# Java VM: Java HotSpot(TM) 64-Bit Server VM (25.65-b01 mixed mode linux-amd64 compressed oops)
# Failed to write core dump. Core dumps have been disabled. To enable core dumping, try "ulimit -c unlimited" before starting Java again
#

---------------  T H R E A D  ---------------

Current thread (0x00007f2c84078000):  VMThread [stack: 0x00007f2c675f6000,0x00007f2c676f7000] [id=5938]

Stack: [0x00007f2c675f6000,0x00007f2c676f7000],  sp=0x00007f2c676f5160,  free space=1020k
Native frames: (J=compiled Java code, j=interpreted, Vv=VM code, C=native code)
V  [libjvm.so+0xab97ea]  VMError::report_and_die()+0x2ba
V  [libjvm.so+0x4f9dcb]  report_vm_out_of_memory(char const*, int, unsigned long, VMErrorType, char const*)+0x8b
V  [libjvm.so+0x91a7c3]  os::Linux::commit_memory_impl(char*, unsigned long, bool)+0x103
V  [libjvm.so+0x91ad19]  os::pd_commit_memory(char*, unsigned long, unsigned long, bool)+0x29
V  [libjvm.so+0x91502a]  os::commit_memory(char*, unsigned long, unsigned long, bool)+0x2a
V  [libjvm.so+0x9886d3]  PSVirtualSpace::expand_by(unsigned long)+0x53
V  [libjvm.so+0x989ad8]  PSYoungGen::resize_generation(unsigned long, unsigned long)+0xf8
V  [libjvm.so+0x988c32]  PSYoungGen::resize(unsigned long, unsigned long)+0x22
V  [libjvm.so+0x985f0b]  PSScavenge::invoke_no_policy()+0xf3b
V  [libjvm.so+0x986691]  PSScavenge::invoke()+0x41
V  [libjvm.so+0x93e430]  ParallelScavengeHeap::failed_mem_allocate(unsigned long)+0x70
V  [libjvm.so+0xabb207]  VM_ParallelGCFailedAllocation::doit()+0x97
V  [libjvm.so+0xac2c35]  VM_Operation::evaluate()+0x55
V  [libjvm.so+0xac100a]  VMThread::evaluate_operation(VM_Operation*)+0xba
V  [libjvm.so+0xac138e]  VMThread::loop()+0x1ce
V  [libjvm.so+0xac1800]  VMThread::run()+0x70
V  [libjvm.so+0x91cb88]  java_start(Thread*)+0x108

VM_Operation (0x00007f2c8dbc1ac0): ParallelGCFailedAllocation, mode: safepoint, requested by thread 0x00007f2c8400a000


---------------  P R O C E S S  ---------------

Java Threads: ( => current thread )
  0x00007f2c840f8000 JavaThread "Service Thread" daemon [_thread_blocked, id=5945, stack(0x00007f2c66c24000,0x00007f2c66d25000)]
  0x00007f2c840bb000 JavaThread "C1 CompilerThread2" daemon [_thread_blocked, id=5944, stack(0x00007f2c66d25000,0x00007f2c66e26000)]
  0x00007f2c840b9000 JavaThread "C2 CompilerThread1" daemon [_thread_blocked, id=5943, stack(0x00007f2c66e26000,0x00007f2c66f27000)]
  0x00007f2c840b6000 JavaThread "C2 CompilerThread0" daemon [_thread_blocked, id=5942, stack(0x00007f2c66f27000,0x00007f2c67028000)]
  0x00007f2c840b4800 JavaThread "Signal Dispatcher" daemon [_thread_blocked, id=5941, stack(0x00007f2c67028000,0x00007f2c67129000)]
  0x00007f2c8407f000 JavaThread "Finalizer" daemon [_thread_blocked, id=5940, stack(0x00007f2c673f4000,0x00007f2c674f5000)]
  0x00007f2c8407d000 JavaThread "Reference Handler" daemon [_thread_blocked, id=5939, stack(0x00007f2c674f5000,0x00007f2c675f6000)]
  0x00007f2c8400a000 JavaThread "main" [_thread_blocked, id=5933, stack(0x00007f2c8dac4000,0x00007f2c8dbc5000)]

Other Threads:
=>0x00007f2c84078000 VMThread [stack: 0x00007f2c675f6000,0x00007f2c676f7000] [id=5938]
  0x00007f2c8410b000 WatcherThread [stack: 0x00007f2c66b23000,0x00007f2c66c24000] [id=5946]

VM state:at safepoint (normal execution)

VM Mutex/Monitor currently owned by a thread:  ([mutex/lock_event])
[0x00007f2c84006280] Threads_lock - owner thread: 0x00007f2c84078000
[0x00007f2c84006780] Heap_lock - owner thread: 0x00007f2c8400a000

Heap:
 PSYoungGen      total 66048K, used 2560K [0x00000000ebd00000, 0x00000000f0000000, 0x0000000100000000)
  eden space 63488K, 0% used [0x00000000ebd00000,0x00000000ebd00000,0x00000000efb00000)
  from space 2560K, 100% used [0x00000000efb00000,0x00000000efd80000,0x00000000efd80000)
  to   space 2560K, 0% used [0x00000000efd80000,0x00000000efd80000,0x00000000f0000000)
 ParOldGen       total 42496K, used 13543K [0x00000000c3600000, 0x00000000c5f80000, 0x00000000ebd00000)
  object space 42496K, 31% used [0x00000000c3600000,0x00000000c4339c60,0x00000000c5f80000)
 Metaspace       used 15812K, capacity 16160K, committed 16512K, reserved 1062912K
  class space    used 1909K, capacity 2062K, committed 2176K, reserved 1048576K

Card table byte_map: [0x00007f2c8a6ad000,0x00007f2c8a893000] byte_map_base: 0x00007f2c8a092000

Marking Bits: (ParMarkBitMap*) 0x00007f2c8cfa1de0
 Begin Bits: [0x00007f2c88315000, 0x00007f2c8923d000)
 End Bits:   [0x00007f2c8923d000, 0x00007f2c8a165000)

Polling page: 0x00007f2c8dbe9000

CodeCache: size=245760Kb used=8910Kb max_used=8910Kb free=236849Kb
 bounds [0x00007f2c75000000, 0x00007f2c758c0000, 0x00007f2c84000000]
 total_blobs=2988 nmethods=2655 adapters=246
 compilation: enabled

Compilation events (10 events):
Event: 8,255 Thread 0x00007f2c840bb000 2655       3       org.eclipse.sisu.wire.DependencyAnalyzer::visit (9 bytes)
Event: 8,255 Thread 0x00007f2c840bb000 nmethod 2655 0x00007f2c758b6890 code [0x00007f2c758b6a00, 0x00007f2c758b6c08]
Event: 8,255 Thread 0x00007f2c840bb000 2656   !   3       org.eclipse.sisu.wire.DependencyAnalyzer::visit (61 bytes)
Event: 8,256 Thread 0x00007f2c840bb000 nmethod 2656 0x00007f2c758b9dd0 code [0x00007f2c758b9fe0, 0x00007f2c758ba878]
Event: 8,256 Thread 0x00007f2c840bb000 2657       3       com.google.inject.internal.ProviderInstanceBindingImpl::applyTo (36 bytes)
Event: 8,257 Thread 0x00007f2c840bb000 nmethod 2657 0x00007f2c758bac10 code [0x00007f2c758badc0, 0x00007f2c758bb498]
Event: 8,281 Thread 0x00007f2c840bb000 2660       3       java.util.jar.Manifest::getAttributes (14 bytes)
Event: 8,282 Thread 0x00007f2c840bb000 nmethod 2660 0x00007f2c758bb690 code [0x00007f2c758bb800, 0x00007f2c758bbb88]
Event: 8,283 Thread 0x00007f2c840bb000 2661       3       org.eclipse.sisu.space.AbstractDeferredClass::getImplementationClass (2 bytes)
Event: 8,284 Thread 0x00007f2c840bb000 nmethod 2661 0x00007f2c758b6550 code [0x00007f2c758b66a0, 0x00007f2c758b67f0]

GC Heap History (9 events):
Event: 0,856 GC heap before
{Heap before GC invocations=1 (full 0):
 PSYoungGen      total 18432K, used 15872K [0x00000000ebd00000, 0x00000000ed180000, 0x0000000100000000)
  eden space 15872K, 100% used [0x00000000ebd00000,0x00000000ecc80000,0x00000000ecc80000)
  from space 2560K, 0% used [0x00000000ecf00000,0x00000000ecf00000,0x00000000ed180000)
  to   space 2560K, 0% used [0x00000000ecc80000,0x00000000ecc80000,0x00000000ecf00000)
 ParOldGen       total 42496K, used 0K [0x00000000c3600000, 0x00000000c5f80000, 0x00000000ebd00000)
  object space 42496K, 0% used [0x00000000c3600000,0x00000000c3600000,0x00000000c5f80000)
 Metaspace       used 6451K, capacity 6632K, committed 6784K, reserved 1056768K
  class space    used 773K, capacity 828K, committed 896K, reserved 1048576K
Event: 0,867 GC heap after
Heap after GC invocations=1 (full 0):
 PSYoungGen      total 18432K, used 2532K [0x00000000ebd00000, 0x00000000ee100000, 0x0000000100000000)
  eden space 15872K, 0% used [0x00000000ebd00000,0x00000000ebd00000,0x00000000ecc80000)
  from space 2560K, 98% used [0x00000000ecc80000,0x00000000ecef9388,0x00000000ecf00000)
  to   space 2560K, 0% used [0x00000000ede80000,0x00000000ede80000,0x00000000ee100000)
 ParOldGen       total 42496K, used 505K [0x00000000c3600000, 0x00000000c5f80000, 0x00000000ebd00000)
  object space 42496K, 1% used [0x00000000c3600000,0x00000000c367e6f0,0x00000000c5f80000)
 Metaspace       used 6451K, capacity 6632K, committed 6784K, reserved 1056768K
  class space    used 773K, capacity 828K, committed 896K, reserved 1048576K
}
Event: 1,344 GC heap before
{Heap before GC invocations=2 (full 0):
 PSYoungGen      total 18432K, used 18404K [0x00000000ebd00000, 0x00000000ee100000, 0x0000000100000000)
  eden space 15872K, 100% used [0x00000000ebd00000,0x00000000ecc80000,0x00000000ecc80000)
  from space 2560K, 98% used [0x00000000ecc80000,0x00000000ecef9388,0x00000000ecf00000)
  to   space 2560K, 0% used [0x00000000ede80000,0x00000000ede80000,0x00000000ee100000)
 ParOldGen       total 42496K, used 505K [0x00000000c3600000, 0x00000000c5f80000, 0x00000000ebd00000)
  object space 42496K, 1% used [0x00000000c3600000,0x00000000c367e6f0,0x00000000c5f80000)
 Metaspace       used 7303K, capacity 7464K, committed 7680K, reserved 1056768K
  class space    used 909K, capacity 956K, committed 1024K, reserved 1048576K
Event: 1,377 GC heap after
Heap after GC invocations=2 (full 0):
 PSYoungGen      total 34304K, used 2359K [0x00000000ebd00000, 0x00000000ee100000, 0x0000000100000000)
  eden space 31744K, 0% used [0x00000000ebd00000,0x00000000ebd00000,0x00000000edc00000)
  from space 2560K, 92% used [0x00000000ede80000,0x00000000ee0cdc40,0x00000000ee100000)
  to   space 2560K, 0% used [0x00000000edc00000,0x00000000edc00000,0x00000000ede80000)
 ParOldGen       total 42496K, used 513K [0x00000000c3600000, 0x00000000c5f80000, 0x00000000ebd00000)
  object space 42496K, 1% used [0x00000000c3600000,0x00000000c36806f0,0x00000000c5f80000)
 Metaspace       used 7303K, capacity 7464K, committed 7680K, reserved 1056768K
  class space    used 909K, capacity 956K, committed 1024K, reserved 1048576K
}
Event: 2,416 GC heap before
{Heap before GC invocations=3 (full 0):
 PSYoungGen      total 34304K, used 34103K [0x00000000ebd00000, 0x00000000ee100000, 0x0000000100000000)
  eden space 31744K, 100% used [0x00000000ebd00000,0x00000000edc00000,0x00000000edc00000)
  from space 2560K, 92% used [0x00000000ede80000,0x00000000ee0cdc40,0x00000000ee100000)
  to   space 2560K, 0% used [0x00000000edc00000,0x00000000edc00000,0x00000000ede80000)
 ParOldGen       total 42496K, used 513K [0x00000000c3600000, 0x00000000c5f80000, 0x00000000ebd00000)
  object space 42496K, 1% used [0x00000000c3600000,0x00000000c36806f0,0x00000000c5f80000)
 Metaspace       used 11173K, capacity 11438K, committed 11520K, reserved 1058816K
  class space    used 1416K, capacity 1511K, committed 1536K, reserved 1048576K
Event: 2,442 GC heap after
Heap after GC invocations=3 (full 0):
 PSYoungGen      total 34304K, used 2544K [0x00000000ebd00000, 0x00000000f0000000, 0x0000000100000000)
  eden space 31744K, 0% used [0x00000000ebd00000,0x00000000ebd00000,0x00000000edc00000)
  from space 2560K, 99% used [0x00000000edc00000,0x00000000ede7c010,0x00000000ede80000)
  to   space 2560K, 0% used [0x00000000efd80000,0x00000000efd80000,0x00000000f0000000)
 ParOldGen       total 42496K, used 4638K [0x00000000c3600000, 0x00000000c5f80000, 0x00000000ebd00000)
  object space 42496K, 10% used [0x00000000c3600000,0x00000000c3a87ba0,0x00000000c5f80000)
 Metaspace       used 11173K, capacity 11438K, committed 11520K, reserved 1058816K
  class space    used 1416K, capacity 1511K, committed 1536K, reserved 1048576K
}
Event: 4,017 GC heap before
{Heap before GC invocations=4 (full 0):
 PSYoungGen      total 34304K, used 34288K [0x00000000ebd00000, 0x00000000f0000000, 0x0000000100000000)
  eden space 31744K, 100% used [0x00000000ebd00000,0x00000000edc00000,0x00000000edc00000)
  from space 2560K, 99% used [0x00000000edc00000,0x00000000ede7c010,0x00000000ede80000)
  to   space 2560K, 0% used [0x00000000efd80000,0x00000000efd80000,0x00000000f0000000)
 ParOldGen       total 42496K, used 4638K [0x00000000c3600000, 0x00000000c5f80000, 0x00000000ebd00000)
  object space 42496K, 10% used [0x00000000c3600000,0x00000000c3a87ba0,0x00000000c5f80000)
 Metaspace       used 13714K, capacity 13926K, committed 14080K, reserved 1060864K
  class space    used 1673K, capacity 1777K, committed 1792K, reserved 1048576K
Event: 4,093 GC heap after
Heap after GC invocations=4 (full 0):
 PSYoungGen      total 66048K, used 2544K [0x00000000ebd00000, 0x00000000f0000000, 0x0000000100000000)
  eden space 63488K, 0% used [0x00000000ebd00000,0x00000000ebd00000,0x00000000efb00000)
  from space 2560K, 99% used [0x00000000efd80000,0x00000000efffc010,0x00000000f0000000)
  to   space 2560K, 0% used [0x00000000efb00000,0x00000000efb00000,0x00000000efd80000)
 ParOldGen       total 42496K, used 8323K [0x00000000c3600000, 0x00000000c5f80000, 0x00000000ebd00000)
  object space 42496K, 19% used [0x00000000c3600000,0x00000000c3e20ff0,0x00000000c5f80000)
 Metaspace       used 13714K, capacity 13926K, committed 14080K, reserved 1060864K
  class space    used 1673K, capacity 1777K, committed 1792K, reserved 1048576K
}
Event: 8,308 GC heap before
{Heap before GC invocations=5 (full 0):
 PSYoungGen      total 66048K, used 66032K [0x00000000ebd00000, 0x00000000f0000000, 0x0000000100000000)
  eden space 63488K, 100% used [0x00000000ebd00000,0x00000000efb00000,0x00000000efb00000)
  from space 2560K, 99% used [0x00000000efd80000,0x00000000efffc010,0x00000000f0000000)
  to   space 2560K, 0% used [0x00000000efb00000,0x00000000efb00000,0x00000000efd80000)
 ParOldGen       total 42496K, used 8323K [0x00000000c3600000, 0x00000000c5f80000, 0x00000000ebd00000)
  object space 42496K, 19% used [0x00000000c3600000,0x00000000c3e20ff0,0x00000000c5f80000)
 Metaspace       used 15812K, capacity 16160K, committed 16512K, reserved 1062912K
  class space    used 1909K, capacity 2062K, committed 2176K, reserved 1048576K

Deoptimization events (10 events):
Event: 3,818 Thread 0x00007f2c8400a000 Uncommon trap: reason=unstable_if action=reinterpret pc=0x00007f2c755340a4 method=org.codehaus.plexus.util.xml.pull.MXParser.nextImpl()I @ 912
Event: 5,227 Thread 0x00007f2c8400a000 Uncommon trap: reason=bimorphic action=maybe_recompile pc=0x00007f2c7555dd50 method=java.util.concurrent.ConcurrentHashMap.get(Ljava/lang/Object;)Ljava/lang/Object; @ 149
Event: 5,297 Thread 0x00007f2c8400a000 Uncommon trap: reason=bimorphic action=maybe_recompile pc=0x00007f2c7555dd50 method=java.util.concurrent.ConcurrentHashMap.get(Ljava/lang/Object;)Ljava/lang/Object; @ 149
Event: 5,612 Thread 0x00007f2c8400a000 Uncommon trap: reason=unstable_if action=reinterpret pc=0x00007f2c7569cb90 method=java.util.HashMap$HashIterator.<init>(Ljava/util/HashMap;)V @ 45
Event: 5,636 Thread 0x00007f2c8400a000 Uncommon trap: reason=unstable_if action=reinterpret pc=0x00007f2c756dec54 method=org.apache.maven.model.interpolation.StringSearchModelInterpolator$InterpolateObjectAction$MapField.doInterpolate(Ljava/lang/Object;Lorg/apache/maven/model/interpolation/Str
Event: 5,923 Thread 0x00007f2c8400a000 Uncommon trap: reason=bimorphic action=maybe_recompile pc=0x00007f2c7555dd50 method=java.util.concurrent.ConcurrentHashMap.get(Ljava/lang/Object;)Ljava/lang/Object; @ 149
Event: 6,126 Thread 0x00007f2c8400a000 Uncommon trap: reason=bimorphic action=maybe_recompile pc=0x00007f2c7555dd50 method=java.util.concurrent.ConcurrentHashMap.get(Ljava/lang/Object;)Ljava/lang/Object; @ 149
Event: 6,228 Thread 0x00007f2c8400a000 Uncommon trap: reason=unstable_if action=reinterpret pc=0x00007f2c7561cfa0 method=org.apache.maven.model.io.xpp3.MavenXpp3Reader.nextTag(Lorg/codehaus/plexus/util/xml/pull/XmlPullParser;)I @ 9
Event: 6,633 Thread 0x00007f2c8400a000 Uncommon trap: reason=unstable_if action=reinterpret pc=0x00007f2c756fea74 method=org.codehaus.plexus.util.xml.pull.MXParser.parseAttribute()C @ 990
Event: 7,309 Thread 0x00007f2c8400a000 Uncommon trap: reason=unstable_if action=reinterpret pc=0x00007f2c75635040 method=java.util.jar.Manifest$FastInputStream.readLine([BII)I @ 87

Internal exceptions (10 events):
Event: 0,918 Thread 0x00007f2c8400a000 Exception <a 'java/lang/ArrayIndexOutOfBoundsException'> (0x00000000ebe17220) thrown at [/HUDSON/workspace/8-2-build-linux-amd64/jdk8u65/4987/hotspot/src/share/vm/runtime/sharedRuntime.cpp, line 605]
Event: 1,382 Thread 0x00007f2c8400a000 Exception <a 'java/lang/ArrayIndexOutOfBoundsException'> (0x00000000ebd2f7c8) thrown at [/HUDSON/workspace/8-2-build-linux-amd64/jdk8u65/4987/hotspot/src/share/vm/runtime/sharedRuntime.cpp, line 605]
Event: 1,382 Thread 0x00007f2c8400a000 Exception <a 'java/lang/ArrayIndexOutOfBoundsException'> (0x00000000ebd31170) thrown at [/HUDSON/workspace/8-2-build-linux-amd64/jdk8u65/4987/hotspot/src/share/vm/runtime/sharedRuntime.cpp, line 605]
Event: 1,493 Thread 0x00007f2c8400a000 Exception <a 'java/lang/ArrayIndexOutOfBoundsException'> (0x00000000ebeefeb0) thrown at [/HUDSON/workspace/8-2-build-linux-amd64/jdk8u65/4987/hotspot/src/share/vm/runtime/sharedRuntime.cpp, line 605]
Event: 1,512 Thread 0x00007f2c8400a000 Exception <a 'java/lang/ArrayIndexOutOfBoundsException'> (0x00000000ebf3cc68) thrown at [/HUDSON/workspace/8-2-build-linux-amd64/jdk8u65/4987/hotspot/src/share/vm/runtime/sharedRuntime.cpp, line 605]
Event: 1,512 Thread 0x00007f2c8400a000 Exception <a 'java/lang/ArrayIndexOutOfBoundsException'> (0x00000000ebf3da70) thrown at [/HUDSON/workspace/8-2-build-linux-amd64/jdk8u65/4987/hotspot/src/share/vm/runtime/sharedRuntime.cpp, line 605]
Event: 3,209 Thread 0x00007f2c8400a000 Implicit null exception at 0x00007f2c753b08b5 to 0x00007f2c753b0a99
Event: 3,209 Thread 0x00007f2c8400a000 Implicit null exception at 0x00007f2c7533ecef to 0x00007f2c7533ed59
Event: 3,320 Thread 0x00007f2c8400a000 Implicit null exception at 0x00007f2c7539109b to 0x00007f2c7539176d
Event: 3,388 Thread 0x00007f2c8400a000 Implicit null exception at 0x00007f2c75535841 to 0x00007f2c75536241

Events (10 events):
Event: 8,281 loading class org/codehaus/plexus/components/interactivity/PrompterException done
Event: 8,281 loading class org/codehaus/plexus/components/interactivity/PrompterException
Event: 8,281 loading class org/codehaus/plexus/components/interactivity/PrompterException done
Event: 8,282 loading class org/codehaus/plexus/archiver/jar/JarArchiver$__sisu1
Event: 8,282 loading class org/codehaus/plexus/archiver/jar/JarArchiver$__sisu1 done
Event: 8,283 loading class org/codehaus/plexus/components/io/resources/PlexusIoFileResourceCollection$__sisu29
Event: 8,283 loading class org/codehaus/plexus/components/io/resources/PlexusIoFileResourceCollection$__sisu29 done
Event: 8,283 loading class org/codehaus/plexus/archiver/zip/ZipUnArchiver$__sisu8
Event: 8,283 loading class org/codehaus/plexus/archiver/zip/ZipUnArchiver$__sisu8 done
Event: 8,304 Executing VM operation: ParallelGCFailedAllocation


Dynamic libraries:
00400000-00401000 r-xp 00000000 08:01 114147                             /usr/local/java/jdk1.8.0_65/bin/java
00600000-00601000 rw-p 00000000 08:01 114147                             /usr/local/java/jdk1.8.0_65/bin/java
01b9e000-01bbf000 rw-p 00000000 00:00 0                                  [heap]
c3600000-c5f80000 rw-p 00000000 00:00 0 
c5f80000-ebd00000 ---p 00000000 00:00 0 
ebd00000-f0000000 rw-p 00000000 00:00 0 
f4c00000-100000000 ---p 00000000 00:00 0 
100000000-100220000 rw-p 00000000 00:00 0 
100220000-140000000 ---p 00000000 00:00 0 
7f2c3c000000-7f2c3c021000 rw-p 00000000 00:00 0 
7f2c3c021000-7f2c40000000 ---p 00000000 00:00 0 
7f2c40000000-7f2c40021000 rw-p 00000000 00:00 0 
7f2c40021000-7f2c44000000 ---p 00000000 00:00 0 
7f2c44000000-7f2c4479f000 rw-p 00000000 00:00 0 
7f2c4479f000-7f2c48000000 ---p 00000000 00:00 0 
7f2c48000000-7f2c485f8000 rw-p 00000000 00:00 0 
7f2c485f8000-7f2c4c000000 ---p 00000000 00:00 0 
7f2c4c000000-7f2c4c021000 rw-p 00000000 00:00 0 
7f2c4c021000-7f2c50000000 ---p 00000000 00:00 0 
7f2c50000000-7f2c50d17000 rw-p 00000000 00:00 0 
7f2c50d17000-7f2c54000000 ---p 00000000 00:00 0 
7f2c54000000-7f2c54021000 rw-p 00000000 00:00 0 
7f2c54021000-7f2c58000000 ---p 00000000 00:00 0 
7f2c58000000-7f2c58021000 rw-p 00000000 00:00 0 
7f2c58021000-7f2c5c000000 ---p 00000000 00:00 0 
7f2c5c000000-7f2c5c28e000 rw-p 00000000 00:00 0 
7f2c5c28e000-7f2c60000000 ---p 00000000 00:00 0 
7f2c60000000-7f2c60021000 rw-p 00000000 00:00 0 
7f2c60021000-7f2c64000000 ---p 00000000 00:00 0 
7f2c65f46000-7f2c65f47000 rw-p 00000000 00:00 0 
7f2c65f47000-7f2c65f4e000 r--s 00000000 08:01 139277                     /usr/lib/x86_64-linux-gnu/gconv/gconv-modules.cache
7f2c65f4e000-7f2c65f70000 r--p 00000000 08:01 1057401                    /usr/share/locale-langpack/pt_BR/LC_MESSAGES/libc.mo
7f2c65f70000-7f2c65f72000 r--s 00005000 08:01 4851182                    /home/paulo/.m2/repository/org/slf4j/slf4j-api/1.7.5/slf4j-api-1.7.5.jar
7f2c65f72000-7f2c65f74000 r--s 00003000 08:01 4851179                    /home/paulo/.m2/repository/org/slf4j/jcl-over-slf4j/1.7.5/jcl-over-slf4j-1.7.5.jar
7f2c65f74000-7f2c65f76000 r--s 00002000 08:01 3937977                    /home/paulo/.m2/repository/org/sonatype/plexus/plexus-cipher/1.4/plexus-cipher-1.4.jar
7f2c65f76000-7f2c65f77000 r--s 00006000 08:01 3937974                    /home/paulo/.m2/repository/org/sonatype/plexus/plexus-sec-dispatcher/1.3/plexus-sec-dispatcher-1.3.jar
7f2c65f77000-7f2c65f78000 r--s 00002000 08:01 4851176                    /home/paulo/.m2/repository/org/apache/maven/doxia/doxia-logging-api/1.1/doxia-logging-api-1.1.jar
7f2c65f78000-7f2c65f7a000 r--s 00002000 08:01 4851173                    /home/paulo/.m2/repository/org/apache/maven/doxia/doxia-sink-api/1.1/doxia-sink-api-1.1.jar
7f2c65f7a000-7f2c65f7b000 r--s 00002000 08:01 4851170                    /home/paulo/.m2/repository/org/apache/maven/reporting/maven-reporting-api/2.2.1/maven-reporting-api-2.2.1.jar
7f2c65f7b000-7f2c65f7d000 r--s 00009000 08:01 4851167                    /home/paulo/.m2/repository/org/apache/maven/shared/maven-filtering/1.0/maven-filtering-1.0.jar
7f2c65f7d000-7f2c65f81000 r--s 00037000 08:01 4590190                    /home/paulo/.m2/repository/org/codehaus/plexus/plexus-utils/3.0.15/plexus-utils-3.0.15.jar
7f2c65f81000-7f2c65f84000 r--s 0000c000 08:01 4724877                    /home/paulo/.m2/repository/org/codehaus/plexus/plexus-io/2.0.3/plexus-io-2.0.3.jar
7f2c65f84000-7f2c65f86000 r--s 00011000 08:01 4590187                    /home/paulo/.m2/repository/org/hamcrest/hamcrest-core/1.1/hamcrest-core-1.1.jar
7f2c65f86000-7f2c65f8d000 r--s 00037000 08:01 4590070                    /home/paulo/.m2/repository/junit/junit/4.10/junit-4.10.jar
7f2c65f8d000-7f2c65f92000 r--s 00029000 08:01 4724874                    /home/paulo/.m2/repository/org/codehaus/plexus/plexus-archiver/2.1.1/plexus-archiver-2.1.1.jar
7f2c65f92000-7f2c65f96000 r--s 00014000 08:01 4851164                    /home/paulo/.m2/repository/org/tukaani/xz/1.0/xz-1.0.jar
7f2c65f96000-7f2c65f9b000 r--s 00036000 08:01 4851161                    /home/paulo/.m2/repository/org/apache/commons/commons-compress/1.4.1/commons-compress-1.4.1.jar
7f2c65f9b000-7f2c65fa0000 r--s 00041000 08:01 3937971                    /home/paulo/.m2/repository/commons-lang/commons-lang/2.6/commons-lang-2.6.jar
7f2c65fa0000-7f2c65fa4000 r--s 00027000 08:01 4724871                    /home/paulo/.m2/repository/commons-io/commons-io/2.2/commons-io-2.2.jar
7f2c65fa4000-7f2c65fa5000 r--s 00004000 08:01 4724868                    /home/paulo/.m2/repository/org/apache/maven/maven-archiver/2.4.2/maven-archiver-2.4.2.jar
7f2c65fa5000-7f2c65fa7000 r--s 00009000 08:01 4212318                    /home/paulo/.m2/repository/commons-cli/commons-cli/1.2/commons-cli-1.2.jar
7f2c65fa7000-7f2c65fa9000 r--s 00005000 08:01 4851158                    /home/paulo/.m2/repository/org/apache/tomcat/maven/tomcat7-war-runner/2.2/tomcat7-war-runner-2.2.jar
7f2c65fa9000-7f2c65faf000 r--s 00033000 08:01 4851155                    /home/paulo/.m2/repository/commons-codec/commons-codec/1.6/commons-codec-1.6.jar
7f2c65faf000-7f2c65fb1000 r--s 00000000 08:01 4211907                    /home/paulo/.m2/repository/org/codehaus/plexus/plexus-component-annotations/1.5.5/plexus-component-annotations-1.5.5.jar
7f2c65fb1000-7f2c65fb3000 r--s 0000e000 08:01 4851152                    /home/paulo/.m2/repository/commons-logging/commons-logging/1.1.3/commons-logging-1.1.3.jar
7f2c65fb3000-7f2c65fb9000 r--s 0003f000 08:01 4851149                    /home/paulo/.m2/repository/org/apache/httpcomponents/httpcore/4.3/httpcore-4.3.jar
7f2c65fb9000-7f2c65fc4000 r--s 00084000 08:01 4724865                    /home/paulo/.m2/repository/org/apache/httpcomponents/httpclient/4.3.1/httpclient-4.3.1.jar
7f2c65fc4000-7f2c65fc7000 r--s 00006000 08:01 4724862                    /home/paulo/.m2/repository/com/google/code/findbugs/jsr305/1.3.9/jsr305-1.3.9.jar
7f2c65fc7000-7f2c65fe5000 r--s 00151000 08:01 4724859                    /home/paulo/.m2/repository/com/google/guava/guava/10.0.1/guava-10.0.1.jar
7f2c65fe5000-7f2c65fed000 r--s 00049000 08:01 4724856                    /home/paulo/.m2/repository/backport-util-concurrent/backport-util-concurrent/3.1/backport-util-concurrent-3.1.jar
7f2c65fed000-7f2c65fef000 r--s 00008000 08:01 4590179                    /home/paulo/.m2/repository/org/apache/tomcat/maven/common-tomcat-maven-plugin/2.2/common-tomcat-maven-plugin-2.2.jar
7f2c65fef000-7f2c65ffe000 r--s 001a9000 08:01 3413419                    /home/paulo/.m2/repository/org/eclipse/jdt/core/compiler/ecj/4.2.2/ecj-4.2.2.jar
7f2c65ffe000-7f2c66000000 r--s 00013000 08:01 4590176                    /home/paulo/.m2/repository/org/apache/tomcat/embed/tomcat-embed-logging-log4j/7.0.47/tomcat-embed-logging-log4j-7.0.47.jar
7f2c66000000-7f2c66002000 r--s 00008000 08:01 4590173                    /home/paulo/.m2/repository/org/apache/tomcat/embed/tomcat-embed-logging-juli/7.0.47/tomcat-embed-logging-juli-7.0.47.jar
7f2c66002000-7f2c66004000 r--s 00008000 08:01 4590170                    /home/paulo/.m2/repository/org/apache/tomcat/tomcat-juli/7.0.47/tomcat-juli-7.0.47.jar
7f2c66004000-7f2c66005000 r--s 00003000 08:01 4590167                    /home/paulo/.m2/repository/org/apache/tomcat/tomcat-annotations-api/7.0.47/tomcat-annotations-api-7.0.47.jar
7f2c66005000-7f2c66007000 r--s 0001f000 08:01 4590165                    /home/paulo/.m2/repository/org/apache/tomcat/tomcat-catalina-ha/7.0.47/tomcat-catalina-ha-7.0.47.jar
7f2c66007000-7f2c6600b000 r--s 0003b000 08:01 4590162                    /home/paulo/.m2/repository/org/apache/tomcat/tomcat-tribes/7.0.47/tomcat-tribes-7.0.47.jar
7f2c6600b000-7f2c6601d000 r--s 00171000 08:01 4590158                    /home/paulo/.m2/repository/org/apache/tomcat/tomcat-catalina/7.0.47/tomcat-catalina-7.0.47.jar
7f2c6601d000-7f2c6601f000 r--s 0000a000 08:01 4590105                    /home/paulo/.m2/repository/org/apache/tomcat/tomcat-el-api/7.0.47/tomcat-el-api-7.0.47.jar
7f2c6601f000-7f2c66022000 r--s 0001c000 08:01 4590102                    /home/paulo/.m2/repository/org/apache/tomcat/tomcat-jasper-el/7.0.47/tomcat-jasper-el-7.0.47.jar
7f2c66022000-7f2c6602a000 r--s 0008b000 08:01 4590099                    /home/paulo/.m2/repository/org/apache/tomcat/tomcat-jasper/7.0.47/tomcat-jasper-7.0.47.jar
7f2c6602a000-7f2c6602d000 r--s 00013000 08:01 4590096                    /home/paulo/.m2/repository/org/apache/tomcat/tomcat-jsp-api/7.0.47/tomcat-jsp-api-7.0.47.jar
7f2c6602d000-7f2c66030000 r--s 00029000 08:01 4590093                    /home/paulo/.m2/repository/org/apache/tomcat/tomcat-servlet-api/7.0.47/tomcat-servlet-api-7.0.47.jar
7f2c66030000-7f2c66034000 r--s 00036000 08:01 4590090                    /home/paulo/.m2/repository/org/apache/tomcat/tomcat-dbcp/7.0.47/tomcat-dbcp-7.0.47.jar
7f2c66034000-7f2c66036000 r--s 0001d000 08:01 4590087                    /home/paulo/.m2/repository/org/apache/tomcat/tomcat-jdbc/7.0.47/tomcat-jdbc-7.0.47.jar
7f2c66036000-7f2c66037000 r--s 00001000 08:01 4590084                    /home/paulo/.m2/repository/org/apache/tomcat/tomcat-api/7.0.47/tomcat-api-7.0.47.jar
7f2c66037000-7f2c66045000 r--s 000be000 08:01 4590081                    /home/paulo/.m2/repository/org/apache/tomcat/tomcat-coyote/7.0.47/tomcat-coyote-7.0.47.jar
7f2c66045000-7f2c66046000 r--s 00005000 08:01 4590078                    /home/paulo/.m2/repository/org/apache/tomcat/tomcat-util/7.0.47/tomcat-util-7.0.47.jar
7f2c66046000-7f2c6606d000 r--s 00290000 08:01 4590075                    /home/paulo/.m2/repository/org/apache/tomcat/embed/tomcat-embed-core/7.0.47/tomcat-embed-core-7.0.47.jar
7f2c6606d000-7f2c6606f000 r--s 0001a000 08:01 4589763                    /home/paulo/.m2/repository/org/apache/tomcat/maven/tomcat7-maven-plugin/2.2/tomcat7-maven-plugin-2.2.jar
7f2c6606f000-7f2c66070000 r--s 00003000 08:01 4204714                    /home/paulo/.m2/repository/org/codehaus/plexus/plexus-compiler-javac/1.9.1/plexus-compiler-javac-1.9.1.jar
7f2c66070000-7f2c66072000 r--s 00000000 08:01 4204711                    /home/paulo/.m2/repository/org/codehaus/plexus/plexus-compiler-manager/1.9.1/plexus-compiler-manager-1.9.1.jar
7f2c66072000-7f2c66074000 r--s 00004000 08:01 4204708                    /home/paulo/.m2/repository/org/codehaus/plexus/plexus-compiler-api/1.9.1/plexus-compiler-api-1.9.1.jar
7f2c66074000-7f2c66078000 r--s 00034000 08:01 4067749                    /home/paulo/.m2/repository/org/codehaus/plexus/plexus-utils/3.0/plexus-utils-3.0.jar
7f2c66078000-7f2c66079000 r--s 00007000 08:01 4067755                    /home/paulo/.m2/repository/org/apache/maven/plugins/maven-compiler-plugin/2.5.1/maven-compiler-plugin-2.5.1.jar
7f2c66079000-7f2c6607b000 r--s 0000d000 08:01 4589819                    /home/paulo/.m2/repository/org/codehaus/plexus/plexus-interpolation/1.13/plexus-interpolation-1.13.jar
7f2c6607b000-7f2c6607c000 r--s 00001000 08:01 4589816                    /home/paulo/.m2/repository/org/sonatype/plexus/plexus-build-api/0.0.4/plexus-build-api-0.0.4.jar
7f2c6607c000-7f2c6607e000 r--s 00009000 08:01 4212295                    /home/paulo/.m2/repository/org/apache/maven/shared/maven-filtering/1.1/maven-filtering-1.1.jar
7f2c6607e000-7f2c66082000 r--s 00033000 08:01 4212292                    /home/paulo/.m2/repository/org/codehaus/plexus/plexus-utils/2.0.5/plexus-utils-2.0.5.jar
7f2c66082000-7f2c66085000 r--s 0001b000 08:01 4066967                    /home/paulo/.m2/repository/junit/junit/3.8.1/junit-3.8.1.jar
7f2c66085000-7f2c66087000 r--s 00002000 08:01 4066973                    /home/paulo/.m2/repository/org/codehaus/plexus/plexus-interactivity-api/1.0-alpha-4/plexus-interactivity-api-1.0-alpha-4.jar
7f2c66087000-7f2c66089000 r--s 00006000 08:01 4066972                    /home/paulo/.m2/repository/commons-cli/commons-cli/1.0/commons-cli-1.0.jar
7f2c66089000-7f2c6608a000 r--s 00001000 08:01 4066965                    /home/paulo/.m2/repository/org/apache/maven/doxia/doxia-sink-api/1.0-alpha-7/doxia-sink-api-1.0-alpha-7.jar
7f2c6608a000-7f2c6608b000 r--s 00002000 08:01 4066968                    /home/paulo/.m2/repository/org/apache/maven/reporting/maven-reporting-api/2.0.6/maven-reporting-api-2.0.6.jar
7f2c6608b000-7f2c6628b000 rw-p 00000000 00:00 0 
7f2c6628b000-7f2c6628d000 r--s 00006000 08:01 3937877                    /home/paulo/.m2/repository/org/apache/maven/plugins/maven-resources-plugin/2.6/maven-resources-plugin-2.6.jar
7f2c6628d000-7f2c6629e000 r-xp 00000000 08:01 114036                     /usr/local/java/jdk1.8.0_65/jre/lib/amd64/libnio.so
7f2c6629e000-7f2c6649d000 ---p 00011000 08:01 114036                     /usr/local/java/jdk1.8.0_65/jre/lib/amd64/libnio.so
7f2c6649d000-7f2c6649e000 rw-p 00010000 08:01 114036                     /usr/local/java/jdk1.8.0_65/jre/lib/amd64/libnio.so
7f2c6649e000-7f2c664b4000 r-xp 00000000 08:01 114009                     /usr/local/java/jdk1.8.0_65/jre/lib/amd64/libnet.so
7f2c664b4000-7f2c666b4000 ---p 00016000 08:01 114009                     /usr/local/java/jdk1.8.0_65/jre/lib/amd64/libnet.so
7f2c666b4000-7f2c666b5000 rw-p 00016000 08:01 114009                     /usr/local/java/jdk1.8.0_65/jre/lib/amd64/libnet.so
7f2c666b5000-7f2c666ba000 r--s 00096000 08:01 114057                     /usr/local/java/jdk1.8.0_65/jre/lib/jsse.jar
7f2c666ba000-7f2c668ba000 rw-p 00000000 00:00 0 
7f2c668ba000-7f2c66aba000 rw-p 00000000 00:00 0 
7f2c66aba000-7f2c66ac4000 r--s 00116000 08:01 114063                     /usr/local/java/jdk1.8.0_65/jre/lib/ext/localedata.jar
7f2c66ac4000-7f2c66ac5000 r--s 00002000 08:01 4198780                    /opt/eclipse/plugins/org.eclipse.m2e.maven.runtime.slf4j.simple_1.5.1.20150109-1819/jars/slf4j-simple-1.7.5.jar
7f2c66ac5000-7f2c66aca000 r--s 00041000 08:01 3810909                    /opt/eclipse/plugins/org.eclipse.m2e.maven.runtime_1.5.1.20150109-1819/jars/commons-lang-2.6.jar
7f2c66aca000-7f2c66acb000 r--s 00002000 08:01 3810910                    /opt/eclipse/plugins/org.eclipse.m2e.maven.runtime_1.5.1.20150109-1819/jars/wagon-file-2.6.jar
7f2c66acb000-7f2c66acd000 r--s 00007000 08:01 3810893                    /opt/eclipse/plugins/org.eclipse.m2e.maven.runtime_1.5.1.20150109-1819/jars/aether-connector-wagon-0.9.0.M2.jar
7f2c66acd000-7f2c66ad2000 r--s 00047000 08:01 3810928                    /opt/eclipse/plugins/org.eclipse.m2e.maven.runtime_1.5.1.20150109-1819/jars/okhttp-1.5.4.jar
7f2c66ad2000-7f2c66ad4000 r--s 0000d000 08:01 3810913                    /opt/eclipse/plugins/org.eclipse.m2e.maven.runtime_1.5.1.20150109-1819/jars/aether-connector-okhttp-0.12.0.jar
7f2c66ad4000-7f2c66ad6000 r--s 00003000 08:01 3810922                    /opt/eclipse/plugins/org.eclipse.m2e.maven.runtime_1.5.1.20150109-1819/jars/aether-spi-0.9.0.M2.jar
7f2c66ad6000-7f2c66ada000 r--s 00020000 08:01 3810920                    /opt/eclipse/plugins/org.eclipse.m2e.maven.runtime_1.5.1.20150109-1819/jars/aether-impl-0.9.0.M2.jar
7f2c66ada000-7f2c66b03000 r--s 001ee000 08:01 3810901                    /opt/eclipse/plugins/org.eclipse.m2e.maven.runtime_1.5.1.20150109-1819/jars/guava-14.0.1.jar
7f2c66b03000-7f2c66b04000 r--s 00000000 08:01 3810891                    /opt/eclipse/plugins/org.eclipse.m2e.maven.runtime_1.5.1.20150109-1819/jars/javax.inject-1.jar
7f2c66b04000-7f2c66b0c000 r--s 00050000 08:01 3810912                    /opt/eclipse/plugins/org.eclipse.m2e.maven.runtime_1.5.1.20150109-1819/jars/sisu-guice-3.1.3-no_aop.jar
7f2c66b0c000-7f2c66b12000 r--s 00042000 08:01 3810916                    /opt/eclipse/plugins/org.eclipse.m2e.maven.runtime_1.5.1.20150109-1819/jars/org.eclipse.sisu.inject-0.0.0.M5.jar
7f2c66b12000-7f2c66b13000 r--s 00001000 08:01 3810899                    /opt/eclipse/plugins/org.eclipse.m2e.maven.runtime_1.5.1.20150109-1819/jars/jsr250-api-1.0.jar
7f2c66b13000-7f2c66b16000 r--s 00008000 08:01 3810924                    /opt/eclipse/plugins/org.eclipse.m2e.maven.runtime_1.5.1.20150109-1819/jars/cdi-api-1.0.jar
7f2c66b16000-7f2c66b1c000 r--s 0002a000 08:01 3810900                    /opt/eclipse/plugins/org.eclipse.m2e.maven.runtime_1.5.1.20150109-1819/jars/org.eclipse.sisu.plexus-0.0.0.M5.jar
7f2c66b1c000-7f2c66b23000 r--s 0003f000 08:01 3810921                    /opt/eclipse/plugins/org.eclipse.m2e.maven.runtime_1.5.1.20150109-1819/jars/maven-compat-3.2.1.jar
7f2c66b23000-7f2c66b24000 ---p 00000000 00:00 0 
7f2c66b24000-7f2c66c24000 rw-p 00000000 00:00 0                          [stack:5946]
7f2c66c24000-7f2c66c27000 ---p 00000000 00:00 0 
7f2c66c27000-7f2c66d25000 rw-p 00000000 00:00 0                          [stack:5945]
7f2c66d25000-7f2c66d28000 ---p 00000000 00:00 0 
7f2c66d28000-7f2c66e26000 rw-p 00000000 00:00 0                          [stack:5944]
7f2c66e26000-7f2c66e29000 ---p 00000000 00:00 0 
7f2c66e29000-7f2c66f27000 rw-p 00000000 00:00 0                          [stack:5943]
7f2c66f27000-7f2c66f2a000 ---p 00000000 00:00 0 
7f2c66f2a000-7f2c67028000 rw-p 00000000 00:00 0                          [stack:5942]
7f2c67028000-7f2c6702b000 ---p 00000000 00:00 0 
7f2c6702b000-7f2c67129000 rw-p 00000000 00:00 0                          [stack:5941]
7f2c67129000-7f2c673f4000 r--p 00000000 08:01 293495                     /usr/lib/locale/locale-archive
7f2c673f4000-7f2c673f7000 ---p 00000000 00:00 0 
7f2c673f7000-7f2c674f5000 rw-p 00000000 00:00 0                          [stack:5940]
7f2c674f5000-7f2c674f8000 ---p 00000000 00:00 0 
7f2c674f8000-7f2c675f6000 rw-p 00000000 00:00 0                          [stack:5939]
7f2c675f6000-7f2c675f7000 ---p 00000000 00:00 0 
7f2c675f7000-7f2c68000000 rw-p 00000000 00:00 0                          [stack:5938]
7f2c68000000-7f2c68021000 rw-p 00000000 00:00 0 
7f2c68021000-7f2c6c000000 ---p 00000000 00:00 0 
7f2c6c000000-7f2c6c021000 rw-p 00000000 00:00 0 
7f2c6c021000-7f2c70000000 ---p 00000000 00:00 0 
7f2c70000000-7f2c70021000 rw-p 00000000 00:00 0 
7f2c70021000-7f2c74000000 ---p 00000000 00:00 0 
7f2c74000000-7f2c74002000 r--s 0000b000 08:01 3810902                    /opt/eclipse/plugins/org.eclipse.m2e.maven.runtime_1.5.1.20150109-1819/jars/wagon-provider-api-2.6.jar
7f2c74002000-7f2c74004000 r--s 00009000 08:01 3810905                    /opt/eclipse/plugins/org.eclipse.m2e.maven.runtime_1.5.1.20150109-1819/jars/commons-cli-1.2.jar
7f2c74004000-7f2c74006000 r--s 00002000 08:01 3810915                    /opt/eclipse/plugins/org.eclipse.m2e.maven.runtime_1.5.1.20150109-1819/jars/plexus-cipher-1.7.jar
7f2c74006000-7f2c74008000 r--s 0000d000 08:01 3810918                    /opt/eclipse/plugins/org.eclipse.m2e.maven.runtime_1.5.1.20150109-1819/jars/maven-embedder-3.2.1.jar
7f2c74008000-7f2c74009000 r--s 00006000 08:01 3810917                    /opt/eclipse/plugins/org.eclipse.m2e.maven.runtime_1.5.1.20150109-1819/jars/plexus-sec-dispatcher-1.3.jar
7f2c74009000-7f2c7400b000 r--s 00000000 08:01 3810907                    /opt/eclipse/plugins/org.eclipse.m2e.maven.runtime_1.5.1.20150109-1819/jars/plexus-component-annotations-1.5.5.jar
7f2c7400b000-7f2c7400f000 r--s 0003a000 08:01 3810896                    /opt/eclipse/plugins/org.eclipse.m2e.maven.runtime_1.5.1.20150109-1819/jars/plexus-utils-3.0.17.jar
7f2c7400f000-7f2c74012000 r--s 0000d000 08:01 3810925                    /opt/eclipse/plugins/org.eclipse.m2e.maven.runtime_1.5.1.20150109-1819/jars/plexus-interpolation-1.19.jar
7f2c74012000-7f2c74016000 r--s 0001d000 08:01 3810895                    /opt/eclipse/plugins/org.eclipse.m2e.maven.runtime_1.5.1.20150109-1819/jars/aether-util-0.9.0.M2.jar
7f2c74016000-7f2c7401a000 r--s 0001d000 08:01 3810898                    /opt/eclipse/plugins/org.eclipse.m2e.maven.runtime_1.5.1.20150109-1819/jars/aether-api-0.9.0.M2.jar
7f2c7401a000-7f2c7401b000 r--s 0000e000 08:01 3810892                    /opt/eclipse/plugins/org.eclipse.m2e.maven.runtime_1.5.1.20150109-1819/jars/maven-aether-provider-3.2.1.jar
7f2c7401b000-7f2c74020000 r--s 00024000 08:01 3810906                    /opt/eclipse/plugins/org.eclipse.m2e.maven.runtime_1.5.1.20150109-1819/jars/maven-model-builder-3.2.1.jar
7f2c74020000-7f2c74022000 r--s 0000a000 08:01 3810908                    /opt/eclipse/plugins/org.eclipse.m2e.maven.runtime_1.5.1.20150109-1819/jars/maven-plugin-api-3.2.1.jar
7f2c74022000-7f2c74628000 rw-p 00000000 00:00 0 
7f2c74628000-7f2c74800000 r--s 03d20000 08:01 114054                     /usr/local/java/jdk1.8.0_65/jre/lib/rt.jar
7f2c74800000-7f2c75000000 rw-p 00000000 00:00 0 
7f2c75000000-7f2c758c0000 rwxp 00000000 00:00 0 
7f2c758c0000-7f2c84000000 ---p 00000000 00:00 0 
7f2c84000000-7f2c84abb000 rw-p 00000000 00:00 0 
7f2c84abb000-7f2c88000000 ---p 00000000 00:00 0 
7f2c88000000-7f2c88003000 r--s 0000b000 08:01 3810919                    /opt/eclipse/plugins/org.eclipse.m2e.maven.runtime_1.5.1.20150109-1819/jars/maven-artifact-3.2.1.jar
7f2c88003000-7f2c88005000 r--s 00005000 08:01 3810897                    /opt/eclipse/plugins/org.eclipse.m2e.maven.runtime_1.5.1.20150109-1819/jars/maven-repository-metadata-3.2.1.jar
7f2c88005000-7f2c88007000 r--s 00009000 08:01 3810927                    /opt/eclipse/plugins/org.eclipse.m2e.maven.runtime_1.5.1.20150109-1819/jars/maven-settings-builder-3.2.1.jar
7f2c88007000-7f2c88009000 r--s 00009000 08:01 3810904                    /opt/eclipse/plugins/org.eclipse.m2e.maven.runtime_1.5.1.20150109-1819/jars/maven-settings-3.2.1.jar
7f2c88009000-7f2c88015000 r--s 00081000 08:01 3810926                    /opt/eclipse/plugins/org.eclipse.m2e.maven.runtime_1.5.1.20150109-1819/jars/maven-core-3.2.1.jar
7f2c88015000-7f2c8a165000 rw-p 00000000 00:00 0 
7f2c8a165000-7f2c8a166000 ---p 00000000 00:00 0 
7f2c8a166000-7f2c8a266000 rw-p 00000000 00:00 0                          [stack:5937]
7f2c8a266000-7f2c8a267000 ---p 00000000 00:00 0 
7f2c8a267000-7f2c8a367000 rw-p 00000000 00:00 0                          [stack:5936]
7f2c8a367000-7f2c8a368000 ---p 00000000 00:00 0 
7f2c8a368000-7f2c8a468000 rw-p 00000000 00:00 0                          [stack:5935]
7f2c8a468000-7f2c8a469000 ---p 00000000 00:00 0 
7f2c8a469000-7f2c8a57e000 rw-p 00000000 00:00 0                          [stack:5934]
7f2c8a57e000-7f2c8a6ad000 ---p 00000000 00:00 0 
7f2c8a6ad000-7f2c8a6c2000 rw-p 00000000 00:00 0 
7f2c8a6c2000-7f2c8a7f0000 ---p 00000000 00:00 0 
7f2c8a7f0000-7f2c8a812000 rw-p 00000000 00:00 0 
7f2c8a812000-7f2c8a892000 ---p 00000000 00:00 0 
7f2c8a892000-7f2c8a8b6000 rw-p 00000000 00:00 0 
7f2c8a8b6000-7f2c8ac53000 ---p 00000000 00:00 0 
7f2c8ac53000-7f2c8ac6d000 r-xp 00000000 08:01 114004                     /usr/local/java/jdk1.8.0_65/jre/lib/amd64/libzip.so
7f2c8ac6d000-7f2c8ae6d000 ---p 0001a000 08:01 114004                     /usr/local/java/jdk1.8.0_65/jre/lib/amd64/libzip.so
7f2c8ae6d000-7f2c8ae6e000 rw-p 0001a000 08:01 114004                     /usr/local/java/jdk1.8.0_65/jre/lib/amd64/libzip.so
7f2c8ae6e000-7f2c8ae79000 r-xp 00000000 08:01 139256                     /lib/x86_64-linux-gnu/libnss_files-2.19.so
7f2c8ae79000-7f2c8b078000 ---p 0000b000 08:01 139256                     /lib/x86_64-linux-gnu/libnss_files-2.19.so
7f2c8b078000-7f2c8b079000 r--p 0000a000 08:01 139256                     /lib/x86_64-linux-gnu/libnss_files-2.19.so
7f2c8b079000-7f2c8b07a000 rw-p 0000b000 08:01 139256                     /lib/x86_64-linux-gnu/libnss_files-2.19.so
7f2c8b07a000-7f2c8b085000 r-xp 00000000 08:01 139248                     /lib/x86_64-linux-gnu/libnss_nis-2.19.so
7f2c8b085000-7f2c8b284000 ---p 0000b000 08:01 139248                     /lib/x86_64-linux-gnu/libnss_nis-2.19.so
7f2c8b284000-7f2c8b285000 r--p 0000a000 08:01 139248                     /lib/x86_64-linux-gnu/libnss_nis-2.19.so
7f2c8b285000-7f2c8b286000 rw-p 0000b000 08:01 139248                     /lib/x86_64-linux-gnu/libnss_nis-2.19.so
7f2c8b286000-7f2c8b29d000 r-xp 00000000 08:01 139244                     /lib/x86_64-linux-gnu/libnsl-2.19.so
7f2c8b29d000-7f2c8b49c000 ---p 00017000 08:01 139244                     /lib/x86_64-linux-gnu/libnsl-2.19.so
7f2c8b49c000-7f2c8b49d000 r--p 00016000 08:01 139244                     /lib/x86_64-linux-gnu/libnsl-2.19.so
7f2c8b49d000-7f2c8b49e000 rw-p 00017000 08:01 139244                     /lib/x86_64-linux-gnu/libnsl-2.19.so
7f2c8b49e000-7f2c8b4a0000 rw-p 00000000 00:00 0 
7f2c8b4a0000-7f2c8b4a9000 r-xp 00000000 08:01 139243                     /lib/x86_64-linux-gnu/libnss_compat-2.19.so
7f2c8b4a9000-7f2c8b6a8000 ---p 00009000 08:01 139243                     /lib/x86_64-linux-gnu/libnss_compat-2.19.so
7f2c8b6a8000-7f2c8b6a9000 r--p 00008000 08:01 139243                     /lib/x86_64-linux-gnu/libnss_compat-2.19.so
7f2c8b6a9000-7f2c8b6aa000 rw-p 00009000 08:01 139243                     /lib/x86_64-linux-gnu/libnss_compat-2.19.so
7f2c8b6aa000-7f2c8b6d4000 r-xp 00000000 08:01 113982                     /usr/local/java/jdk1.8.0_65/jre/lib/amd64/libjava.so
7f2c8b6d4000-7f2c8b8d4000 ---p 0002a000 08:01 113982                     /usr/local/java/jdk1.8.0_65/jre/lib/amd64/libjava.so
7f2c8b8d4000-7f2c8b8d6000 rw-p 0002a000 08:01 113982                     /usr/local/java/jdk1.8.0_65/jre/lib/amd64/libjava.so
7f2c8b8d6000-7f2c8b8e3000 r-xp 00000000 08:01 113998                     /usr/local/java/jdk1.8.0_65/jre/lib/amd64/libverify.so
7f2c8b8e3000-7f2c8bae3000 ---p 0000d000 08:01 113998                     /usr/local/java/jdk1.8.0_65/jre/lib/amd64/libverify.so
7f2c8bae3000-7f2c8bae5000 rw-p 0000d000 08:01 113998                     /usr/local/java/jdk1.8.0_65/jre/lib/amd64/libverify.so
7f2c8bae5000-7f2c8baec000 r-xp 00000000 08:01 139252                     /lib/x86_64-linux-gnu/librt-2.19.so
7f2c8baec000-7f2c8bceb000 ---p 00007000 08:01 139252                     /lib/x86_64-linux-gnu/librt-2.19.so
7f2c8bceb000-7f2c8bcec000 r--p 00006000 08:01 139252                     /lib/x86_64-linux-gnu/librt-2.19.so
7f2c8bcec000-7f2c8bced000 rw-p 00007000 08:01 139252                     /lib/x86_64-linux-gnu/librt-2.19.so
7f2c8bced000-7f2c8bdf2000 r-xp 00000000 08:01 139238                     /lib/x86_64-linux-gnu/libm-2.19.so
7f2c8bdf2000-7f2c8bff1000 ---p 00105000 08:01 139238                     /lib/x86_64-linux-gnu/libm-2.19.so
7f2c8bff1000-7f2c8bff2000 r--p 00104000 08:01 139238                     /lib/x86_64-linux-gnu/libm-2.19.so
7f2c8bff2000-7f2c8bff3000 rw-p 00105000 08:01 139238                     /lib/x86_64-linux-gnu/libm-2.19.so
7f2c8bff3000-7f2c8ccb1000 r-xp 00000000 08:01 114020                     /usr/local/java/jdk1.8.0_65/jre/lib/amd64/server/libjvm.so
7f2c8ccb1000-7f2c8ceb0000 ---p 00cbe000 08:01 114020                     /usr/local/java/jdk1.8.0_65/jre/lib/amd64/server/libjvm.so
7f2c8ceb0000-7f2c8cf88000 rw-p 00cbd000 08:01 114020                     /usr/local/java/jdk1.8.0_65/jre/lib/amd64/server/libjvm.so
7f2c8cf88000-7f2c8cfcd000 rw-p 00000000 00:00 0 
7f2c8cfcd000-7f2c8d188000 r-xp 00000000 08:01 139253                     /lib/x86_64-linux-gnu/libc-2.19.so
7f2c8d188000-7f2c8d387000 ---p 001bb000 08:01 139253                     /lib/x86_64-linux-gnu/libc-2.19.so
7f2c8d387000-7f2c8d38b000 r--p 001ba000 08:01 139253                     /lib/x86_64-linux-gnu/libc-2.19.so
7f2c8d38b000-7f2c8d38d000 rw-p 001be000 08:01 139253                     /lib/x86_64-linux-gnu/libc-2.19.so
7f2c8d38d000-7f2c8d392000 rw-p 00000000 00:00 0 
7f2c8d392000-7f2c8d395000 r-xp 00000000 08:01 139240                     /lib/x86_64-linux-gnu/libdl-2.19.so
7f2c8d395000-7f2c8d594000 ---p 00003000 08:01 139240                     /lib/x86_64-linux-gnu/libdl-2.19.so
7f2c8d594000-7f2c8d595000 r--p 00002000 08:01 139240                     /lib/x86_64-linux-gnu/libdl-2.19.so
7f2c8d595000-7f2c8d596000 rw-p 00003000 08:01 139240                     /lib/x86_64-linux-gnu/libdl-2.19.so
7f2c8d596000-7f2c8d5ab000 r-xp 00000000 08:01 113065                     /usr/local/java/jdk1.8.0_65/lib/amd64/jli/libjli.so
7f2c8d5ab000-7f2c8d7ab000 ---p 00015000 08:01 113065                     /usr/local/java/jdk1.8.0_65/lib/amd64/jli/libjli.so
7f2c8d7ab000-7f2c8d7ac000 rw-p 00015000 08:01 113065                     /usr/local/java/jdk1.8.0_65/lib/amd64/jli/libjli.so
7f2c8d7ac000-7f2c8d7c5000 r-xp 00000000 08:01 139245                     /lib/x86_64-linux-gnu/libpthread-2.19.so
7f2c8d7c5000-7f2c8d9c4000 ---p 00019000 08:01 139245                     /lib/x86_64-linux-gnu/libpthread-2.19.so
7f2c8d9c4000-7f2c8d9c5000 r--p 00018000 08:01 139245                     /lib/x86_64-linux-gnu/libpthread-2.19.so
7f2c8d9c5000-7f2c8d9c6000 rw-p 00019000 08:01 139245                     /lib/x86_64-linux-gnu/libpthread-2.19.so
7f2c8d9c6000-7f2c8d9ca000 rw-p 00000000 00:00 0 
7f2c8d9ca000-7f2c8d9ed000 r-xp 00000000 08:01 139246                     /lib/x86_64-linux-gnu/ld-2.19.so
7f2c8d9ed000-7f2c8d9f0000 r--s 00025000 08:01 3810894                    /opt/eclipse/plugins/org.eclipse.m2e.maven.runtime_1.5.1.20150109-1819/jars/maven-model-3.2.1.jar
7f2c8d9f0000-7f2c8d9f2000 r--s 00001000 08:01 3810911                    /opt/eclipse/plugins/org.eclipse.m2e.maven.runtime_1.5.1.20150109-1819/jars/takari-local-repository-0.9.0.jar
7f2c8d9f2000-7f2c8dac4000 rw-p 00000000 00:00 0 
7f2c8dac4000-7f2c8dac7000 ---p 00000000 00:00 0 
7f2c8dac7000-7f2c8dbc9000 rw-p 00000000 00:00 0                          [stack:5933]
7f2c8dbc9000-7f2c8dbca000 r--s 00003000 08:01 3810914                    /opt/eclipse/plugins/org.eclipse.m2e.maven.runtime_1.5.1.20150109-1819/jars/takari-filemanager-0.7.0.jar
7f2c8dbca000-7f2c8dbcd000 r--s 0000a000 08:01 3810923                    /opt/eclipse/plugins/org.eclipse.m2e.maven.runtime_1.5.1.20150109-1819/jars/plexus-classworlds-2.5.1.jar
7f2c8dbcd000-7f2c8dbe0000 rw-p 00000000 00:00 0 
7f2c8dbe0000-7f2c8dbe8000 rw-s 00000000 08:01 1060071                    /tmp/hsperfdata_paulo/5927
7f2c8dbe8000-7f2c8dbe9000 rw-p 00000000 00:00 0 
7f2c8dbe9000-7f2c8dbea000 ---p 00000000 00:00 0 
7f2c8dbea000-7f2c8dbec000 rw-p 00000000 00:00 0 
7f2c8dbec000-7f2c8dbed000 r--p 00022000 08:01 139246                     /lib/x86_64-linux-gnu/ld-2.19.so
7f2c8dbed000-7f2c8dbee000 rw-p 00023000 08:01 139246                     /lib/x86_64-linux-gnu/ld-2.19.so
7f2c8dbee000-7f2c8dbef000 rw-p 00000000 00:00 0 
7ffdd11d9000-7ffdd11fa000 rw-p 00000000 00:00 0                          [stack]
7ffdd11fc000-7ffdd11fe000 r--p 00000000 00:00 0                          [vvar]
7ffdd11fe000-7ffdd1200000 r-xp 00000000 00:00 0                          [vdso]
ffffffffff600000-ffffffffff601000 r-xp 00000000 00:00 0                  [vsyscall]

VM Arguments:
jvm_args: -Dmaven.home=EMBEDDED -Dclassworlds.conf=/home/paulo/workspace/.metadata/.plugins/org.eclipse.m2e.launching/launches/m2conf8425943483950171028.tmp -Dfile.encoding=UTF-8 
java_command: org.codehaus.plexus.classworlds.launcher.Launcher -B tomcat7:run
java_class_path (initial): /opt/eclipse/plugins/org.eclipse.m2e.maven.runtime_1.5.1.20150109-1819/jars/plexus-classworlds-2.5.1.jar
Launcher Type: SUN_STANDARD

Environment Variables:
JAVA_HOME=/usr/local/java/jdk1.8.0_65
PATH=/usr/lib/jvm/java-oracle//bin:/usr/local/sbin:/usr/local/bin:/usr/sbin:/usr/bin:/sbin:/bin:/usr/games:/usr/local/games:/home/paulo/bin:/usr/local/java/jdk1.8.0_65/bin
USERNAME=paulo
SHELL=/bin/bash
DISPLAY=:0

Signal Handlers:
SIGSEGV: [libjvm.so+0xaba070], sa_mask[0]=11111111011111111101111111111110, sa_flags=SA_RESTART|SA_SIGINFO
SIGBUS: [libjvm.so+0xaba070], sa_mask[0]=11111111011111111101111111111110, sa_flags=SA_RESTART|SA_SIGINFO
SIGFPE: [libjvm.so+0x917630], sa_mask[0]=11111111011111111101111111111110, sa_flags=SA_RESTART|SA_SIGINFO
SIGPIPE: [libjvm.so+0x917630], sa_mask[0]=11111111011111111101111111111110, sa_flags=SA_RESTART|SA_SIGINFO
SIGXFSZ: [libjvm.so+0x917630], sa_mask[0]=11111111011111111101111111111110, sa_flags=SA_RESTART|SA_SIGINFO
SIGILL: [libjvm.so+0x917630], sa_mask[0]=11111111011111111101111111111110, sa_flags=SA_RESTART|SA_SIGINFO
SIGUSR1: SIG_DFL, sa_mask[0]=00000000000000000000000000000000, sa_flags=none
SIGUSR2: [libjvm.so+0x918c60], sa_mask[0]=00100000000000000000000000000000, sa_flags=SA_RESTART|SA_SIGINFO
SIGHUP: [libjvm.so+0x91a060], sa_mask[0]=11111111011111111101111111111110, sa_flags=SA_RESTART|SA_SIGINFO
SIGINT: [libjvm.so+0x91a060], sa_mask[0]=11111111011111111101111111111110, sa_flags=SA_RESTART|SA_SIGINFO
SIGTERM: [libjvm.so+0x91a060], sa_mask[0]=11111111011111111101111111111110, sa_flags=SA_RESTART|SA_SIGINFO
SIGQUIT: [libjvm.so+0x91a060], sa_mask[0]=11111111011111111101111111111110, sa_flags=SA_RESTART|SA_SIGINFO


---------------  S Y S T E M  ---------------

OS:DISTRIB_ID=LinuxMint
DISTRIB_RELEASE=17.3
DISTRIB_CODENAME=rosa
DISTRIB_DESCRIPTION="Linux Mint 17.3 Rosa"

uname:Linux 4.4.0-040400-generic #201601101930 SMP Mon Jan 11 00:32:41 UTC 2016 x86_64
libc:glibc 2.19 NPTL 2.19 
rlimit: STACK 8192k, CORE 0k, NPROC 15359, NOFILE 4096, AS infinity
load average:1,63 1,07 0,92

/proc/meminfo:
MemTotal:        3965156 kB
MemFree:           13508 kB
MemAvailable:      40464 kB
Buffers:             204 kB
Cached:           228476 kB
SwapCached:         4784 kB
Active:          2912728 kB
Inactive:         843476 kB
Active(anon):    2901308 kB
Inactive(anon):   831836 kB
Active(file):      11420 kB
Inactive(file):    11640 kB
Unevictable:         152 kB
Mlocked:        51539607704 kB
SwapTotal:       4111356 kB
SwapFree:              0 kB
Dirty:               112 kB
Writeback:             0 kB
AnonPages:       3524444 kB
Mapped:            90612 kB
Shmem:            205764 kB
Slab:              72620 kB
SReclaimable:      33464 kB
SUnreclaim:        39156 kB
KernelStack:       17936 kB
PageTables:        58772 kB
NFS_Unstable:          0 kB
Bounce:                0 kB
WritebackTmp:          0 kB
CommitLimit:     6093932 kB
Committed_AS:   14119488 kB
VmallocTotal:   34359738367 kB
VmallocUsed:           0 kB
VmallocChunk:          0 kB
HardwareCorrupted:     0 kB
AnonHugePages:    583680 kB
CmaTotal:              0 kB
CmaFree:               0 kB
HugePages_Total:       0
HugePages_Free:        0
HugePages_Rsvd:        0
HugePages_Surp:        0
Hugepagesize:       2048 kB
DirectMap4k:      168768 kB
DirectMap2M:     3944448 kB
DirectMap1G:     1048576 kB


CPU:total 4 (2 cores per cpu, 2 threads per core) family 6 model 61 stepping 4, cmov, cx8, fxsr, mmx, sse, sse2, sse3, ssse3, sse4.1, sse4.2, popcnt, avx, avx2, aes, clmul, erms, 3dnowpref, lzcnt, ht, tsc, tscinvbit, bmi1, bmi2, adx

/proc/cpuinfo:
processor	: 0
vendor_id	: GenuineIntel
cpu family	: 6
model		: 61
model name	: Intel(R) Core(TM) i3-5005U CPU @ 2.00GHz
stepping	: 4
microcode	: 0x12
cpu MHz		: 1900.000
cache size	: 3072 KB
physical id	: 0
siblings	: 4
core id		: 0
cpu cores	: 2
apicid		: 0
initial apicid	: 0
fpu		: yes
fpu_exception	: yes
cpuid level	: 20
wp		: yes
flags		: fpu vme de pse tsc msr pae mce cx8 apic sep mtrr pge mca cmov pat pse36 clflush dts acpi mmx fxsr sse sse2 ss ht tm pbe syscall nx pdpe1gb rdtscp lm constant_tsc arch_perfmon pebs bts rep_good nopl xtopology nonstop_tsc aperfmperf eagerfpu pni pclmulqdq dtes64 monitor ds_cpl vmx est tm2 ssse3 sdbg fma cx16 xtpr pdcm pcid sse4_1 sse4_2 x2apic movbe popcnt tsc_deadline_timer aes xsave avx f16c rdrand lahf_lm abm 3dnowprefetch arat epb pln pts dtherm intel_pt tpr_shadow vnmi flexpriority ept vpid fsgsbase tsc_adjust bmi1 avx2 smep bmi2 erms invpcid rdseed adx smap xsaveopt
bugs		:
bogomips	: 3990.97
clflush size	: 64
cache_alignment	: 64
address sizes	: 39 bits physical, 48 bits virtual
power management:

processor	: 1
vendor_id	: GenuineIntel
cpu family	: 6
model		: 61
model name	: Intel(R) Core(TM) i3-5005U CPU @ 2.00GHz
stepping	: 4
microcode	: 0x12
cpu MHz		: 1900.000
cache size	: 3072 KB
physical id	: 0
siblings	: 4
core id		: 1
cpu cores	: 2
apicid		: 2
initial apicid	: 2
fpu		: yes
fpu_exception	: yes
cpuid level	: 20
wp		: yes
flags		: fpu vme de pse tsc msr pae mce cx8 apic sep mtrr pge mca cmov pat pse36 clflush dts acpi mmx fxsr sse sse2 ss ht tm pbe syscall nx pdpe1gb rdtscp lm constant_tsc arch_perfmon pebs bts rep_good nopl xtopology nonstop_tsc aperfmperf eagerfpu pni pclmulqdq dtes64 monitor ds_cpl vmx est tm2 ssse3 sdbg fma cx16 xtpr pdcm pcid sse4_1 sse4_2 x2apic movbe popcnt tsc_deadline_timer aes xsave avx f16c rdrand lahf_lm abm 3dnowprefetch arat epb pln pts dtherm intel_pt tpr_shadow vnmi flexpriority ept vpid fsgsbase tsc_adjust bmi1 avx2 smep bmi2 erms invpcid rdseed adx smap xsaveopt
bugs		:
bogomips	: 3990.97
clflush size	: 64
cache_alignment	: 64
address sizes	: 39 bits physical, 48 bits virtual
power management:

processor	: 2
vendor_id	: GenuineIntel
cpu family	: 6
model		: 61
model name	: Intel(R) Core(TM) i3-5005U CPU @ 2.00GHz
stepping	: 4
microcode	: 0x12
cpu MHz		: 1899.921
cache size	: 3072 KB
physical id	: 0
siblings	: 4
core id		: 0
cpu cores	: 2
apicid		: 1
initial apicid	: 1
fpu		: yes
fpu_exception	: yes
cpuid level	: 20
wp		: yes
flags		: fpu vme de pse tsc msr pae mce cx8 apic sep mtrr pge mca cmov pat pse36 clflush dts acpi mmx fxsr sse sse2 ss ht tm pbe syscall nx pdpe1gb rdtscp lm constant_tsc arch_perfmon pebs bts rep_good nopl xtopology nonstop_tsc aperfmperf eagerfpu pni pclmulqdq dtes64 monitor ds_cpl vmx est tm2 ssse3 sdbg fma cx16 xtpr pdcm pcid sse4_1 sse4_2 x2apic movbe popcnt tsc_deadline_timer aes xsave avx f16c rdrand lahf_lm abm 3dnowprefetch arat epb pln pts dtherm intel_pt tpr_shadow vnmi flexpriority ept vpid fsgsbase tsc_adjust bmi1 avx2 smep bmi2 erms invpcid rdseed adx smap xsaveopt
bugs		:
bogomips	: 3990.97
clflush size	: 64
cache_alignment	: 64
address sizes	: 39 bits physical, 48 bits virtual
power management:

processor	: 3
vendor_id	: GenuineIntel
cpu family	: 6
model		: 61
model name	: Intel(R) Core(TM) i3-5005U CPU @ 2.00GHz
stepping	: 4
microcode	: 0x12
cpu MHz		: 1900.000
cache size	: 3072 KB
physical id	: 0
siblings	: 4
core id		: 1
cpu cores	: 2
apicid		: 3
initial apicid	: 3
fpu		: yes
fpu_exception	: yes
cpuid level	: 20
wp		: yes
flags		: fpu vme de pse tsc msr pae mce cx8 apic sep mtrr pge mca cmov pat pse36 clflush dts acpi mmx fxsr sse sse2 ss ht tm pbe syscall nx pdpe1gb rdtscp lm constant_tsc arch_perfmon pebs bts rep_good nopl xtopology nonstop_tsc aperfmperf eagerfpu pni pclmulqdq dtes64 monitor ds_cpl vmx est tm2 ssse3 sdbg fma cx16 xtpr pdcm pcid sse4_1 sse4_2 x2apic movbe popcnt tsc_deadline_timer aes xsave avx f16c rdrand lahf_lm abm 3dnowprefetch arat epb pln pts dtherm intel_pt tpr_shadow vnmi flexpriority ept vpid fsgsbase tsc_adjust bmi1 avx2 smep bmi2 erms invpcid rdseed adx smap xsaveopt
bugs		:
bogomips	: 3990.97
clflush size	: 64
cache_alignment	: 64
address sizes	: 39 bits physical, 48 bits virtual
power management:



Memory: 4k page, physical 3965156k(14096k free), swap 4111356k(0k free)

vm_info: Java HotSpot(TM) 64-Bit Server VM (25.65-b01) for linux-amd64 JRE (1.8.0_65-b17), built on Oct  6 2015 17:16:12 by "java_re" with gcc 4.3.0 20080428 (Red Hat 4.3.0-8)

time: Thu May 26 12:24:16 2016
elapsed time: 9 seconds (0d 0h 0m 9s)

